  [1m[35m (3053.4ms)[0m  [1m[35mCREATE DATABASE "a-z-learning-rails-backend_development" ENCODING = 'unicode'[0m
  ↳ bin/rails:4
  [1m[35m (752.5ms)[0m  [1m[35mCREATE DATABASE "a-z-learning-rails-backend_test" ENCODING = 'unicode'[0m
  ↳ bin/rails:4
  [1m[35m (113.5ms)[0m  [1m[35mCREATE TABLE "schema_migrations" ("version" character varying NOT NULL PRIMARY KEY)[0m
  ↳ bin/rails:4
  [1m[35m (32.8ms)[0m  [1m[35mCREATE TABLE "ar_internal_metadata" ("key" character varying NOT NULL PRIMARY KEY, "value" character varying, "created_at" timestamp NOT NULL, "updated_at" timestamp NOT NULL)[0m
  ↳ bin/rails:4
  [1m[35m (18.9ms)[0m  [1m[34mSELECT pg_try_advisory_lock(5902462855896932115)[0m
  ↳ bin/rails:4
  [1m[35m (2.2ms)[0m  [1m[34mSELECT "schema_migrations"."version" FROM "schema_migrations" ORDER BY "schema_migrations"."version" ASC[0m
  ↳ bin/rails:4
Migrating to CreateWords (20220312002157)
  [1m[35m (0.5ms)[0m  [1m[35mBEGIN[0m
  ↳ bin/rails:4
  [1m[35m (71.0ms)[0m  [1m[35mCREATE TABLE "words" ("id" bigserial primary key, "letter" character varying, "image" character varying, "definition" text, "created_at" timestamp NOT NULL, "updated_at" timestamp NOT NULL)[0m
  ↳ db/migrate/20220312002157_create_words.rb:3
  [1m[36mActiveRecord::SchemaMigration Create (7.8ms)[0m  [1m[32mINSERT INTO "schema_migrations" ("version") VALUES ($1) RETURNING "version"[0m  [["version", "20220312002157"]]
  ↳ bin/rails:4
  [1m[35m (0.9ms)[0m  [1m[35mCOMMIT[0m
  ↳ bin/rails:4
  [1m[36mActiveRecord::InternalMetadata Load (1.1ms)[0m  [1m[34mSELECT  "ar_internal_metadata".* FROM "ar_internal_metadata" WHERE "ar_internal_metadata"."key" = $1 LIMIT $2[0m  [["key", "environment"], ["LIMIT", 1]]
  ↳ bin/rails:4
  [1m[35m (0.2ms)[0m  [1m[35mBEGIN[0m
  ↳ bin/rails:4
  [1m[36mActiveRecord::InternalMetadata Create (13.2ms)[0m  [1m[32mINSERT INTO "ar_internal_metadata" ("key", "value", "created_at", "updated_at") VALUES ($1, $2, $3, $4) RETURNING "key"[0m  [["key", "environment"], ["value", "development"], ["created_at", "2022-03-12 00:24:18.981383"], ["updated_at", "2022-03-12 00:24:18.981383"]]
  ↳ bin/rails:4
  [1m[35m (6.7ms)[0m  [1m[35mCOMMIT[0m
  ↳ bin/rails:4
  [1m[35m (1.3ms)[0m  [1m[34mSELECT pg_advisory_unlock(5902462855896932115)[0m
  ↳ bin/rails:4
  [1m[35m (0.9ms)[0m  [1m[34mSELECT "schema_migrations"."version" FROM "schema_migrations" ORDER BY "schema_migrations"."version" ASC[0m
  ↳ bin/rails:4
  [1m[35m (4.6ms)[0m  [1m[34mSELECT "schema_migrations"."version" FROM "schema_migrations" ORDER BY "schema_migrations"."version" ASC[0m
  ↳ bin/rails:4
  [1m[35m (0.6ms)[0m  [1m[34mSELECT "schema_migrations"."version" FROM "schema_migrations" ORDER BY "schema_migrations"."version" ASC[0m
  ↳ bin/rails:4
  [1m[35m (0.5ms)[0m  [1m[34mSELECT "schema_migrations"."version" FROM "schema_migrations" ORDER BY "schema_migrations"."version" ASC[0m
  ↳ bin/rails:4
  [1m[35m (18.5ms)[0m  [1m[34mSELECT pg_try_advisory_lock(5902462855896932115)[0m
  ↳ bin/rails:4
  [1m[35m (1.4ms)[0m  [1m[34mSELECT "schema_migrations"."version" FROM "schema_migrations" ORDER BY "schema_migrations"."version" ASC[0m
  ↳ bin/rails:4
Migrating to CreateWords (20220312002157)
  [1m[35m (0.3ms)[0m  [1m[35mBEGIN[0m
  ↳ bin/rails:4
  [1m[35m (90.6ms)[0m  [1m[35mDROP TABLE "words"[0m
  ↳ bin/rails:4
  [1m[36mActiveRecord::SchemaMigration Destroy (3.2ms)[0m  [1m[31mDELETE FROM "schema_migrations" WHERE "schema_migrations"."version" = $1[0m  [["version", "20220312002157"]]
  ↳ bin/rails:4
  [1m[35m (69.2ms)[0m  [1m[35mCOMMIT[0m
  ↳ bin/rails:4
  [1m[35m (1.1ms)[0m  [1m[34mSELECT pg_advisory_unlock(5902462855896932115)[0m
  ↳ bin/rails:4
  [1m[35m (7.5ms)[0m  [1m[34mSELECT "schema_migrations"."version" FROM "schema_migrations" ORDER BY "schema_migrations"."version" ASC[0m
  ↳ bin/rails:4
  [1m[35m (3.3ms)[0m  [1m[34mSELECT "schema_migrations"."version" FROM "schema_migrations" ORDER BY "schema_migrations"."version" ASC[0m
  ↳ bin/rails:4
  [1m[35m (0.3ms)[0m  [1m[34mSELECT pg_try_advisory_lock(5902462855896932115)[0m
  ↳ bin/rails:4
  [1m[35m (3.3ms)[0m  [1m[34mSELECT "schema_migrations"."version" FROM "schema_migrations" ORDER BY "schema_migrations"."version" ASC[0m
  ↳ bin/rails:4
Migrating to CreateWords (20220312002157)
  [1m[35m (0.3ms)[0m  [1m[35mBEGIN[0m
  ↳ bin/rails:4
  [1m[35m (542.9ms)[0m  [1m[35mCREATE TABLE "words" ("id" bigserial primary key, "item" character varying, "image" character varying, "definition" text, "character" text, "created_at" timestamp NOT NULL, "updated_at" timestamp NOT NULL)[0m
  ↳ db/migrate/20220312002157_create_words.rb:3
  [1m[36mActiveRecord::SchemaMigration Create (5.8ms)[0m  [1m[32mINSERT INTO "schema_migrations" ("version") VALUES ($1) RETURNING "version"[0m  [["version", "20220312002157"]]
  ↳ bin/rails:4
  [1m[35m (4.2ms)[0m  [1m[35mCOMMIT[0m
  ↳ bin/rails:4
  [1m[36mActiveRecord::InternalMetadata Load (5.3ms)[0m  [1m[34mSELECT  "ar_internal_metadata".* FROM "ar_internal_metadata" WHERE "ar_internal_metadata"."key" = $1 LIMIT $2[0m  [["key", "environment"], ["LIMIT", 1]]
  ↳ bin/rails:4
  [1m[35m (0.3ms)[0m  [1m[35mBEGIN[0m
  ↳ bin/rails:4
  [1m[35m (0.5ms)[0m  [1m[35mCOMMIT[0m
  ↳ bin/rails:4
  [1m[35m (1.1ms)[0m  [1m[34mSELECT pg_advisory_unlock(5902462855896932115)[0m
  ↳ bin/rails:4
  [1m[35m (1.4ms)[0m  [1m[34mSELECT "schema_migrations"."version" FROM "schema_migrations" ORDER BY "schema_migrations"."version" ASC[0m
  ↳ bin/rails:4
  [1m[35m (4.6ms)[0m  [1m[34mSELECT "schema_migrations"."version" FROM "schema_migrations" ORDER BY "schema_migrations"."version" ASC[0m
  ↳ bin/rails:4
  [1m[36mWord Load (44.5ms)[0m  [1m[34mSELECT "words".* FROM "words"[0m
  ↳ db/seeds.rb:3
  [1m[35m (0.4ms)[0m  [1m[35mBEGIN[0m
  ↳ db/seeds.rb:5
  [1m[36mWord Create (32.7ms)[0m  [1m[32mINSERT INTO "words" ("item", "image", "definition", "character", "created_at", "updated_at") VALUES ($1, $2, $3, $4, $5, $6) RETURNING "id"[0m  [["item", "Apple"], ["image", "apple_1_generated.jpg"], ["definition", "An apple is a type of fruit that is grown on an apple tree."], ["character", "A"], ["created_at", "2022-03-12 00:55:09.643176"], ["updated_at", "2022-03-12 00:55:09.643176"]]
  ↳ db/seeds.rb:5
  [1m[35m (3.3ms)[0m  [1m[35mCOMMIT[0m
  ↳ db/seeds.rb:5
  [1m[35m (0.3ms)[0m  [1m[35mBEGIN[0m
  ↳ db/seeds.rb:12
  [1m[36mWord Create (0.5ms)[0m  [1m[32mINSERT INTO "words" ("item", "image", "definition", "character", "created_at", "updated_at") VALUES ($1, $2, $3, $4, $5, $6) RETURNING "id"[0m  [["item", "Ant"], ["image", "ants"], ["definition", "Ant, any of approximately 10,000 species of insects that are social in habit and live together in organized colonies."], ["character", "A"], ["created_at", "2022-03-12 00:55:09.684067"], ["updated_at", "2022-03-12 00:55:09.684067"]]
  ↳ db/seeds.rb:12
  [1m[35m (0.4ms)[0m  [1m[35mCOMMIT[0m
  ↳ db/seeds.rb:12
  [1m[35m (5.4ms)[0m  [1m[34mSELECT COUNT(*) FROM "words"[0m
  ↳ db/seeds.rb:20
Started GET "/words" for 127.0.0.1 at 2022-03-12 12:20:18 +1100
Started GET "/" for 127.0.0.1 at 2022-03-12 12:20:18 +1100
  [1m[35m (4.8ms)[0m  [1m[34mSELECT "schema_migrations"."version" FROM "schema_migrations" ORDER BY "schema_migrations"."version" ASC[0m
  [1m[35m (6.0ms)[0m  [1m[34mSELECT "schema_migrations"."version" FROM "schema_migrations" ORDER BY "schema_migrations"."version" ASC[0m
  ↳ /Users/Phoebe/.rvm/gems/ruby-2.7.0/gems/activerecord-5.2.7/lib/active_record/log_subscriber.rb:98
  ↳ /Users/Phoebe/.rvm/gems/ruby-2.7.0/gems/activerecord-5.2.7/lib/active_record/log_subscriber.rb:98
Processing by WordsController#index as HTML
Processing by Rails::WelcomeController#index as HTML
  [1m[36mWord Load (29.8ms)[0m  [1m[34mSELECT "words".* FROM "words"[0m
  ↳ app/controllers/words_controller.rb:3
Completed 200 OK in 277ms (Views: 37.5ms | ActiveRecord: 133.7ms)


  Rendering /Users/Phoebe/.rvm/gems/ruby-2.7.0/gems/railties-5.2.7/lib/rails/templates/rails/welcome/index.html.erb
  Rendered /Users/Phoebe/.rvm/gems/ruby-2.7.0/gems/railties-5.2.7/lib/rails/templates/rails/welcome/index.html.erb (41.5ms)
Completed 200 OK in 240ms (Views: 192.0ms | ActiveRecord: 0.0ms)


Started GET "/" for 127.0.0.1 at 2022-03-12 12:27:53 +1100
  [1m[35m (6.1ms)[0m  [1m[34mSELECT "schema_migrations"."version" FROM "schema_migrations" ORDER BY "schema_migrations"."version" ASC[0m
  ↳ /Users/Phoebe/.rvm/gems/ruby-2.7.0/gems/activerecord-5.2.7/lib/active_record/log_subscriber.rb:98
Processing by Rails::WelcomeController#index as HTML
  Rendering /Users/Phoebe/.rvm/gems/ruby-2.7.0/gems/railties-5.2.7/lib/rails/templates/rails/welcome/index.html.erb
  Rendered /Users/Phoebe/.rvm/gems/ruby-2.7.0/gems/railties-5.2.7/lib/rails/templates/rails/welcome/index.html.erb (25.6ms)
Completed 200 OK in 151ms (Views: 109.7ms | ActiveRecord: 0.0ms)


Started GET "/words" for 127.0.0.1 at 2022-03-12 12:27:58 +1100
Processing by WordsController#index as HTML
  [1m[36mWord Load (9.6ms)[0m  [1m[34mSELECT "words".* FROM "words"[0m
  ↳ app/controllers/words_controller.rb:3
Completed 200 OK in 86ms (Views: 20.7ms | ActiveRecord: 47.6ms)


Started GET "/words/1" for 127.0.0.1 at 2022-03-12 12:28:47 +1100
Processing by WordsController#show as HTML
  Parameters: {"id"=>"1"}
  [1m[36mWord Load (4.3ms)[0m  [1m[34mSELECT  "words".* FROM "words" WHERE "words"."id" = $1 LIMIT $2[0m  [["id", 1], ["LIMIT", 1]]
  ↳ app/controllers/words_controller.rb:7
Completed 200 OK in 93ms (Views: 3.2ms | ActiveRecord: 4.9ms)


